<?xml version="1.0" encoding="UTF-8"?>
<testng-results ignored="12" total="16" passed="4" failed="0" skipped="0">
  <reporter-output>
  </reporter-output>
  <suite started-at="2022-12-01T20:51:30 IST" name="Suite" finished-at="2022-12-01T20:51:52 IST" duration-ms="22302">
    <groups>
    </groups>
    <test started-at="2022-12-01T20:51:30 IST" name="TestChrome" finished-at="2022-12-01T20:51:46 IST" duration-ms="15704">
      <class name="tests.RegisterPageTest">
        <test-method is-config="true" signature="initRegisterPage(java.lang.String)[pri:0, instance:tests.RegisterPageTest@514646ef]" started-at="2022-12-01T20:51:31 IST" name="initRegisterPage" finished-at="2022-12-01T20:51:37 IST" duration-ms="6885" status="PASS">
          <params>
            <param index="0">
              <value>
                <![CDATA[chrome]]>
              </value>
            </param>
          </params>
          <reporter-output>
          </reporter-output>
        </test-method> <!-- initRegisterPage -->
        <test-method signature="providingValidRegistrationData(org.apache.poi.ss.usermodel.Row)[pri:0, instance:tests.RegisterPageTest@514646ef]" started-at="2022-12-01T20:51:37 IST" name="providingValidRegistrationData" data-provider="RegistrationData" finished-at="2022-12-01T20:51:38 IST" duration-ms="1028" status="PASS">
          <params>
            <param index="0">
              <value>
                <![CDATA[<xml-fragment r="1" spans="1:4" xmlns:r="http://schemas.openxmlformats.org/officeDocument/2006/relationships" xmlns:main="http://schemas.openxmlformats.org/spreadsheetml/2006/main">
  <main:c r="A1" t="s">
    <main:v>0</main:v>
  </main:c>
  <main:c r="B1" s="1" t="s">
    <main:v>1</main:v>
  </main:c>
  <main:c r="C1" t="s">
    <main:v>2</main:v>
  </main:c>
  <main:c r="D1">
    <main:v>123456789</main:v>
  </main:c>
</xml-fragment>]]>
              </value>
            </param>
          </params>
          <reporter-output>
          </reporter-output>
        </test-method> <!-- providingValidRegistrationData -->
        <test-method is-config="true" signature="tearDownRegisterPage()[pri:0, instance:tests.RegisterPageTest@514646ef]" started-at="2022-12-01T20:51:38 IST" name="tearDownRegisterPage" finished-at="2022-12-01T20:51:38 IST" duration-ms="0" status="PASS">
          <reporter-output>
          </reporter-output>
        </test-method> <!-- tearDownRegisterPage -->
        <test-method is-config="true" signature="initRegisterPage(java.lang.String)[pri:0, instance:tests.RegisterPageTest@514646ef]" started-at="2022-12-01T20:51:39 IST" name="initRegisterPage" finished-at="2022-12-01T20:51:45 IST" duration-ms="6080" status="PASS">
          <params>
            <param index="0">
              <value>
                <![CDATA[chrome]]>
              </value>
            </param>
          </params>
          <reporter-output>
          </reporter-output>
        </test-method> <!-- initRegisterPage -->
        <test-method signature="providingblankUserName(org.apache.poi.ss.usermodel.Row)[pri:0, instance:tests.RegisterPageTest@514646ef]" started-at="2022-12-01T20:51:45 IST" name="providingblankUserName" data-provider="RegistrationData" finished-at="2022-12-01T20:51:46 IST" duration-ms="917" status="PASS">
          <params>
            <param index="0">
              <value>
                <![CDATA[<xml-fragment r="1" spans="1:4" xmlns:r="http://schemas.openxmlformats.org/officeDocument/2006/relationships" xmlns:main="http://schemas.openxmlformats.org/spreadsheetml/2006/main">
  <main:c r="A1" t="s">
    <main:v>3</main:v>
  </main:c>
  <main:c r="B1" s="1" t="s">
    <main:v>1</main:v>
  </main:c>
  <main:c r="C1" t="s">
    <main:v>2</main:v>
  </main:c>
  <main:c r="D1">
    <main:v>123456789</main:v>
  </main:c>
</xml-fragment>]]>
              </value>
            </param>
          </params>
          <reporter-output>
          </reporter-output>
        </test-method> <!-- providingblankUserName -->
        <test-method is-config="true" signature="tearDownRegisterPage()[pri:0, instance:tests.RegisterPageTest@514646ef]" started-at="2022-12-01T20:51:46 IST" name="tearDownRegisterPage" finished-at="2022-12-01T20:51:46 IST" duration-ms="1" status="PASS">
          <reporter-output>
          </reporter-output>
        </test-method> <!-- tearDownRegisterPage -->
      </class> <!-- tests.RegisterPageTest -->
    </test> <!-- TestChrome -->
    <test started-at="2022-12-01T20:51:30 IST" name="TestFireFox" finished-at="2022-12-01T20:51:52 IST" duration-ms="22302">
      <class name="tests.RegisterPageTest">
        <test-method is-config="true" signature="initRegisterPage(java.lang.String)[pri:0, instance:tests.RegisterPageTest@126253fd]" started-at="2022-12-01T20:51:31 IST" name="initRegisterPage" finished-at="2022-12-01T20:51:40 IST" duration-ms="9778" status="PASS">
          <params>
            <param index="0">
              <value>
                <![CDATA[firefox]]>
              </value>
            </param>
          </params>
          <reporter-output>
          </reporter-output>
        </test-method> <!-- initRegisterPage -->
        <test-method signature="providingValidRegistrationData(org.apache.poi.ss.usermodel.Row)[pri:0, instance:tests.RegisterPageTest@126253fd]" started-at="2022-12-01T20:51:40 IST" name="providingValidRegistrationData" data-provider="RegistrationData" finished-at="2022-12-01T20:51:42 IST" duration-ms="1804" status="PASS">
          <params>
            <param index="0">
              <value>
                <![CDATA[<xml-fragment r="1" spans="1:4" xmlns:r="http://schemas.openxmlformats.org/officeDocument/2006/relationships" xmlns:main="http://schemas.openxmlformats.org/spreadsheetml/2006/main">
  <main:c r="A1" t="s">
    <main:v>0</main:v>
  </main:c>
  <main:c r="B1" s="1" t="s">
    <main:v>1</main:v>
  </main:c>
  <main:c r="C1" t="s">
    <main:v>2</main:v>
  </main:c>
  <main:c r="D1">
    <main:v>123456789</main:v>
  </main:c>
</xml-fragment>]]>
              </value>
            </param>
          </params>
          <reporter-output>
          </reporter-output>
        </test-method> <!-- providingValidRegistrationData -->
        <test-method is-config="true" signature="tearDownRegisterPage()[pri:0, instance:tests.RegisterPageTest@126253fd]" started-at="2022-12-01T20:51:42 IST" name="tearDownRegisterPage" finished-at="2022-12-01T20:51:42 IST" duration-ms="1" status="PASS">
          <reporter-output>
          </reporter-output>
        </test-method> <!-- tearDownRegisterPage -->
        <test-method is-config="true" signature="initRegisterPage(java.lang.String)[pri:0, instance:tests.RegisterPageTest@126253fd]" started-at="2022-12-01T20:51:42 IST" name="initRegisterPage" finished-at="2022-12-01T20:51:51 IST" duration-ms="9108" status="PASS">
          <params>
            <param index="0">
              <value>
                <![CDATA[firefox]]>
              </value>
            </param>
          </params>
          <reporter-output>
          </reporter-output>
        </test-method> <!-- initRegisterPage -->
        <test-method signature="providingblankUserName(org.apache.poi.ss.usermodel.Row)[pri:0, instance:tests.RegisterPageTest@126253fd]" started-at="2022-12-01T20:51:51 IST" name="providingblankUserName" data-provider="RegistrationData" finished-at="2022-12-01T20:51:52 IST" duration-ms="849" status="PASS">
          <params>
            <param index="0">
              <value>
                <![CDATA[<xml-fragment r="1" spans="1:4" xmlns:r="http://schemas.openxmlformats.org/officeDocument/2006/relationships" xmlns:main="http://schemas.openxmlformats.org/spreadsheetml/2006/main">
  <main:c r="A1" t="s">
    <main:v>3</main:v>
  </main:c>
  <main:c r="B1" s="1" t="s">
    <main:v>1</main:v>
  </main:c>
  <main:c r="C1" t="s">
    <main:v>2</main:v>
  </main:c>
  <main:c r="D1">
    <main:v>123456789</main:v>
  </main:c>
</xml-fragment>]]>
              </value>
            </param>
          </params>
          <reporter-output>
          </reporter-output>
        </test-method> <!-- providingblankUserName -->
        <test-method is-config="true" signature="tearDownRegisterPage()[pri:0, instance:tests.RegisterPageTest@126253fd]" started-at="2022-12-01T20:51:52 IST" name="tearDownRegisterPage" finished-at="2022-12-01T20:51:52 IST" duration-ms="0" status="PASS">
          <reporter-output>
          </reporter-output>
        </test-method> <!-- tearDownRegisterPage -->
      </class> <!-- tests.RegisterPageTest -->
    </test> <!-- TestFireFox -->
  </suite> <!-- Suite -->
</testng-results>
