<?xml version="1.0" encoding="UTF-8"?>
<!-- Generated by org.testng.reporters.JUnitXMLReporter -->
<testsuite ignored="6" hostname="DESKTOP-6JUGJ4I" failures="0" tests="2" name="TestFireFox" time="22.302" errors="0" timestamp="2022-12-01T20:51:52 IST">
  <testcase classname="tests.RegisterPageTest" name="providingValidRegistrationData" time="1.804"/>
  <testcase classname="tests.RegisterPageTest" name="providingblankUserName" time="0.849"/>
  <testcase classname="tests.RegisterPageTest" name="testFunction2" time="0.0">
    <ignored/>
  </testcase> <!-- testFunction2 -->
  <testcase classname="tests.RegisterPageTest" name="testFunction5" time="0.0">
    <ignored/>
  </testcase> <!-- testFunction5 -->
  <testcase classname="tests.RegisterPageTest" name="testFunction4" time="0.0">
    <ignored/>
  </testcase> <!-- testFunction4 -->
  <testcase classname="tests.RegisterPageTest" name="testFunction7" time="0.0">
    <ignored/>
  </testcase> <!-- testFunction7 -->
  <testcase classname="tests.RegisterPageTest" name="testFunction6" time="0.0">
    <ignored/>
  </testcase> <!-- testFunction6 -->
  <testcase classname="tests.RegisterPageTest" name="testFunction3" time="0.0">
    <ignored/>
  </testcase> <!-- testFunction3 -->
</testsuite> <!-- TestFireFox -->
